<?xml version="1.0" encoding="UTF-8"?>
<testng-results skipped="0" failed="0" ignored="0" total="1" passed="1">
  <reporter-output>
  </reporter-output>
  <suite name="Default suite" duration-ms="4142" started-at="2021-02-28T15:36:47 IST" finished-at="2021-02-28T15:36:51 IST">
    <groups>
    </groups>
    <test name="Default test" duration-ms="4142" started-at="2021-02-28T15:36:47 IST" finished-at="2021-02-28T15:36:51 IST">
      <class name="com.examples.webdrivers.actionsTest">
        <test-method status="PASS" signature="setUp()[pri:0, instance:com.examples.webdrivers.actionsTest@2a17b7b6]" name="setUp" is-config="true" duration-ms="4082" started-at="2021-02-28T15:36:47 IST" finished-at="2021-02-28T15:36:51 IST">
          <reporter-output>
          </reporter-output>
        </test-method> <!-- setUp -->
        <test-method status="PASS" signature="reversenumber()[pri:0, instance:com.examples.webdrivers.actionsTest@2a17b7b6]" name="reversenumber" duration-ms="9" started-at="2021-02-28T15:36:51 IST" finished-at="2021-02-28T15:36:51 IST">
          <reporter-output>
          </reporter-output>
        </test-method> <!-- reversenumber -->
      </class> <!-- com.examples.webdrivers.actionsTest -->
    </test> <!-- Default test -->
  </suite> <!-- Default suite -->
</testng-results>
